C:\USERS\STEPHEN\DOCUMENTS\GITHUB\A.I-CORE\GSP420_AI_CORE\DEBUG\GSP420_AI_CORE.EXE
C:\USERS\STEPHEN\DOCUMENTS\GITHUB\A.I-CORE\GSP420_AI_CORE\DEBUG\GSP420_AI_CORE.ILK
C:\USERS\STEPHEN\DOCUMENTS\GITHUB\A.I-CORE\GSP420_AI_CORE\DEBUG\GSP420_AI_CORE.PDB
C:\USERS\STEPHEN\DOCUMENTS\GITHUB\A.I-CORE\GSP420_AI_CORE\GSP420_AI_CORE\DEBUG\AGENT.OBJ
C:\USERS\STEPHEN\DOCUMENTS\GITHUB\A.I-CORE\GSP420_AI_CORE\GSP420_AI_CORE\DEBUG\AISYSTEM.OBJ
C:\Users\Stephen\Documents\GitHub\A.I-Core\GSP420_AI_CORE\GSP420_AI_CORE\Debug\cl.command.1.tlog
C:\Users\Stephen\Documents\GitHub\A.I-Core\GSP420_AI_CORE\GSP420_AI_CORE\Debug\CL.read.1.tlog
C:\Users\Stephen\Documents\GitHub\A.I-Core\GSP420_AI_CORE\GSP420_AI_CORE\Debug\CL.write.1.tlog
C:\USERS\STEPHEN\DOCUMENTS\GITHUB\A.I-CORE\GSP420_AI_CORE\GSP420_AI_CORE\DEBUG\EVADE.OBJ
C:\USERS\STEPHEN\DOCUMENTS\GITHUB\A.I-CORE\GSP420_AI_CORE\GSP420_AI_CORE\DEBUG\GENERICENEMY.OBJ
C:\USERS\STEPHEN\DOCUMENTS\GITHUB\A.I-CORE\GSP420_AI_CORE\GSP420_AI_CORE\DEBUG\GSP420_AI_CORE.EXE.INTERMEDIATE.MANIFEST
C:\Users\Stephen\Documents\GitHub\A.I-Core\GSP420_AI_CORE\GSP420_AI_CORE\Debug\GSP420_AI_CORE.vcxprojResolveAssemblyReference.cache
C:\Users\Stephen\Documents\GitHub\A.I-Core\GSP420_AI_CORE\GSP420_AI_CORE\Debug\GSP420_AI_CORE.write.1.tlog
C:\Users\Stephen\Documents\GitHub\A.I-Core\GSP420_AI_CORE\GSP420_AI_CORE\Debug\link.command.1.tlog
C:\Users\Stephen\Documents\GitHub\A.I-Core\GSP420_AI_CORE\GSP420_AI_CORE\Debug\link.read.1.tlog
C:\Users\Stephen\Documents\GitHub\A.I-Core\GSP420_AI_CORE\GSP420_AI_CORE\Debug\link.write.1.tlog
C:\USERS\STEPHEN\DOCUMENTS\GITHUB\A.I-CORE\GSP420_AI_CORE\GSP420_AI_CORE\DEBUG\MAIN.OBJ
C:\Users\Stephen\Documents\GitHub\A.I-Core\GSP420_AI_CORE\GSP420_AI_CORE\Debug\mt.command.1.tlog
C:\Users\Stephen\Documents\GitHub\A.I-Core\GSP420_AI_CORE\GSP420_AI_CORE\Debug\mt.read.1.tlog
C:\Users\Stephen\Documents\GitHub\A.I-Core\GSP420_AI_CORE\GSP420_AI_CORE\Debug\mt.write.1.tlog
C:\USERS\STEPHEN\DOCUMENTS\GITHUB\A.I-CORE\GSP420_AI_CORE\GSP420_AI_CORE\DEBUG\PURSUE.OBJ
C:\USERS\STEPHEN\DOCUMENTS\GITHUB\A.I-CORE\GSP420_AI_CORE\GSP420_AI_CORE\DEBUG\STEERING.OBJ
C:\Users\Stephen\Documents\GitHub\A.I-Core\GSP420_AI_CORE\GSP420_AI_CORE\Debug\vc100.idb
C:\USERS\STEPHEN\DOCUMENTS\GITHUB\A.I-CORE\GSP420_AI_CORE\GSP420_AI_CORE\DEBUG\VC100.PDB
C:\USERS\STEPHEN\DOCUMENTS\GITHUB\A.I-CORE\GSP420_AI_CORE\GSP420_AI_CORE\DEBUG\WANDER.OBJ
