Build started 10/11/2013 10:05:19 PM.
     1>Project "C:\Users\e\Documents\GitHub\Engine\GSP420_AI_CORE\GSP420_AI_CORE\GSP420_AI_CORE.vcxproj" on node 2 (build target(s)).
     1>InitializeBuildStatus:
         Creating "Debug\GSP420_AI_CORE.unsuccessfulbuild" because "AlwaysCreate" was specified.
       ClCompile:
         c:\Program Files (x86)\Microsoft Visual Studio 10.0\VC\bin\CL.exe /c /I"C:\Program Files (x86)\FMOD SoundSystem\FMOD Studio API Windows\api\lowlevel\inc" /I"C:\Program Files (x86)\Microsoft DirectX SDK (June 2010)\Include" /ZI /nologo /W3 /WX- /Od /Oy- /D _MBCS /Gm /EHsc /RTC1 /MDd /GS /fp:precise /Zc:wchar_t /Zc:forScope /Fo"Debug\\" /Fd"Debug\vc100.pdb" /Gd /TP /analyze- /errorReport:prompt Agent.cpp AIInterface.cpp AudioCore.cpp Camera.cpp Clock.cpp CoreManager.cpp DXManager.cpp Entity.cpp EntityManager.cpp Evade.cpp GenericEnemy.cpp Graphics.cpp Input.cpp LightClass.cpp main.cpp MainCore.cpp Material.cpp Meshes.cpp Message.cpp MessageManager.cpp Octree.cpp PhysicsCollision.cpp PhysicsCore.cpp Pursue.cpp Steering.cpp Text.cpp UI.cpp UIElement.cpp Wander.cpp
         Wander.cpp
         UIElement.cpp
         UI.cpp
     1>c:\users\e\documents\github\engine\gsp420_ai_core\gsp420_ai_core\ui.cpp(147): warning C4390: ';' : empty controlled statement found; is this the intent?
     1>c:\users\e\documents\github\engine\gsp420_ai_core\gsp420_ai_core\ui.cpp(149): warning C4390: ';' : empty controlled statement found; is this the intent?
     1>c:\users\e\documents\github\engine\gsp420_ai_core\gsp420_ai_core\ui.cpp(151): warning C4390: ';' : empty controlled statement found; is this the intent?
     1>c:\users\e\documents\github\engine\gsp420_ai_core\gsp420_ai_core\ui.cpp(153): warning C4390: ';' : empty controlled statement found; is this the intent?
     1>c:\users\e\documents\github\engine\gsp420_ai_core\gsp420_ai_core\ui.cpp(155): warning C4390: ';' : empty controlled statement found; is this the intent?
     1>c:\users\e\documents\github\engine\gsp420_ai_core\gsp420_ai_core\ui.cpp(157): warning C4390: ';' : empty controlled statement found; is this the intent?
     1>c:\users\e\documents\github\engine\gsp420_ai_core\gsp420_ai_core\ui.cpp(159): warning C4390: ';' : empty controlled statement found; is this the intent?
     1>c:\users\e\documents\github\engine\gsp420_ai_core\gsp420_ai_core\ui.cpp(161): warning C4390: ';' : empty controlled statement found; is this the intent?
     1>c:\users\e\documents\github\engine\gsp420_ai_core\gsp420_ai_core\ui.cpp(163): warning C4390: ';' : empty controlled statement found; is this the intent?
     1>c:\users\e\documents\github\engine\gsp420_ai_core\gsp420_ai_core\ui.cpp(164): warning C4390: ';' : empty controlled statement found; is this the intent?
         Text.cpp
         Steering.cpp
         Pursue.cpp
         PhysicsCore.cpp
         PhysicsCollision.cpp
         Octree.cpp
         MessageManager.cpp
         Message.cpp
         Meshes.cpp
         Material.cpp
         MainCore.cpp
     1>c:\users\e\documents\github\engine\gsp420_ai_core\gsp420_ai_core\aisystem.h(38): warning C4244: 'argument' : conversion from 'time_t' to 'unsigned int', possible loss of data
     1>c:\users\e\documents\github\engine\gsp420_ai_core\gsp420_ai_core\audiocore.h(10): fatal error C1083: Cannot open include file: 'fmod.h': No such file or directory
         main.cpp
     1>c:\users\e\documents\github\engine\gsp420_ai_core\gsp420_ai_core\aisystem.h(38): warning C4244: 'argument' : conversion from 'time_t' to 'unsigned int', possible loss of data
     1>c:\users\e\documents\github\engine\gsp420_ai_core\gsp420_ai_core\audiocore.h(10): fatal error C1083: Cannot open include file: 'fmod.h': No such file or directory
         LightClass.cpp
         Input.cpp
         Graphics.cpp
         GenericEnemy.cpp
         Evade.cpp
         Generating Code...
         Compiling...
         EntityManager.cpp
         Entity.cpp
         DXManager.cpp
         CoreManager.cpp
         Clock.cpp
     1>c:\users\e\documents\github\engine\gsp420_ai_core\gsp420_ai_core\clock.cpp(65): warning C4244: '=' : conversion from 'clock_t' to 'float', possible loss of data
     1>c:\users\e\documents\github\engine\gsp420_ai_core\gsp420_ai_core\clock.cpp(75): warning C4244: '=' : conversion from 'clock_t' to 'float', possible loss of data
         Camera.cpp
         AudioCore.cpp
     1>c:\users\e\documents\github\engine\gsp420_ai_core\gsp420_ai_core\audiocore.h(10): fatal error C1083: Cannot open include file: 'fmod.h': No such file or directory
         AIInterface.cpp
     1>c:\users\e\documents\github\engine\gsp420_ai_core\gsp420_ai_core\aisystem.h(38): warning C4244: 'argument' : conversion from 'time_t' to 'unsigned int', possible loss of data
         Agent.cpp
         Generating Code...
     1>Done Building Project "C:\Users\e\Documents\GitHub\Engine\GSP420_AI_CORE\GSP420_AI_CORE\GSP420_AI_CORE.vcxproj" (build target(s)) -- FAILED.

Build FAILED.

Time Elapsed 00:00:17.31
