C:\USERS\MIKE\DOCUMENTS\GITHUB\SCRIPTING-CORE\SCRIPTINGCORE\DEBUG\SCRIPTINGCORE.EXE
C:\USERS\MIKE\DOCUMENTS\GITHUB\SCRIPTING-CORE\SCRIPTINGCORE\DEBUG\SCRIPTINGCORE.ILK
C:\USERS\MIKE\DOCUMENTS\GITHUB\SCRIPTING-CORE\SCRIPTINGCORE\DEBUG\SCRIPTINGCORE.PDB
C:\Users\Mike\Documents\GitHub\Scripting-Core\ScriptingCore\ScriptingCore\Debug\cl.command.1.tlog
C:\Users\Mike\Documents\GitHub\Scripting-Core\ScriptingCore\ScriptingCore\Debug\CL.read.1.tlog
C:\Users\Mike\Documents\GitHub\Scripting-Core\ScriptingCore\ScriptingCore\Debug\CL.write.1.tlog
C:\Users\Mike\Documents\GitHub\Scripting-Core\ScriptingCore\ScriptingCore\Debug\link.4864.read.1.tlog
C:\Users\Mike\Documents\GitHub\Scripting-Core\ScriptingCore\ScriptingCore\Debug\link.4864.write.1.tlog
C:\Users\Mike\Documents\GitHub\Scripting-Core\ScriptingCore\ScriptingCore\Debug\link.4864-cvtres.read.1.tlog
C:\Users\Mike\Documents\GitHub\Scripting-Core\ScriptingCore\ScriptingCore\Debug\link.4864-cvtres.write.1.tlog
C:\Users\Mike\Documents\GitHub\Scripting-Core\ScriptingCore\ScriptingCore\Debug\link.5716.read.1.tlog
C:\Users\Mike\Documents\GitHub\Scripting-Core\ScriptingCore\ScriptingCore\Debug\link.5716.write.1.tlog
C:\Users\Mike\Documents\GitHub\Scripting-Core\ScriptingCore\ScriptingCore\Debug\link.5716-cvtres.read.1.tlog
C:\Users\Mike\Documents\GitHub\Scripting-Core\ScriptingCore\ScriptingCore\Debug\link.5716-cvtres.write.1.tlog
C:\Users\Mike\Documents\GitHub\Scripting-Core\ScriptingCore\ScriptingCore\Debug\link.6180.read.1.tlog
C:\Users\Mike\Documents\GitHub\Scripting-Core\ScriptingCore\ScriptingCore\Debug\link.6180.write.1.tlog
C:\Users\Mike\Documents\GitHub\Scripting-Core\ScriptingCore\ScriptingCore\Debug\link.6180-cvtres.read.1.tlog
C:\Users\Mike\Documents\GitHub\Scripting-Core\ScriptingCore\ScriptingCore\Debug\link.6180-cvtres.write.1.tlog
C:\Users\Mike\Documents\GitHub\Scripting-Core\ScriptingCore\ScriptingCore\Debug\link.7420.read.1.tlog
C:\Users\Mike\Documents\GitHub\Scripting-Core\ScriptingCore\ScriptingCore\Debug\link.7420.write.1.tlog
C:\Users\Mike\Documents\GitHub\Scripting-Core\ScriptingCore\ScriptingCore\Debug\link.7420-cvtres.read.1.tlog
C:\Users\Mike\Documents\GitHub\Scripting-Core\ScriptingCore\ScriptingCore\Debug\link.7420-cvtres.write.1.tlog
C:\Users\Mike\Documents\GitHub\Scripting-Core\ScriptingCore\ScriptingCore\Debug\link.940.read.1.tlog
C:\Users\Mike\Documents\GitHub\Scripting-Core\ScriptingCore\ScriptingCore\Debug\link.940.write.1.tlog
C:\Users\Mike\Documents\GitHub\Scripting-Core\ScriptingCore\ScriptingCore\Debug\link.940-cvtres.read.1.tlog
C:\Users\Mike\Documents\GitHub\Scripting-Core\ScriptingCore\ScriptingCore\Debug\link.940-cvtres.write.1.tlog
C:\Users\Mike\Documents\GitHub\Scripting-Core\ScriptingCore\ScriptingCore\Debug\link.command.1.tlog
C:\Users\Mike\Documents\GitHub\Scripting-Core\ScriptingCore\ScriptingCore\Debug\link.read.1.tlog
C:\Users\Mike\Documents\GitHub\Scripting-Core\ScriptingCore\ScriptingCore\Debug\link.write.1.tlog
C:\Users\Mike\Documents\GitHub\Scripting-Core\ScriptingCore\ScriptingCore\Debug\link-cvtres.read.1.tlog
C:\Users\Mike\Documents\GitHub\Scripting-Core\ScriptingCore\ScriptingCore\Debug\link-cvtres.write.1.tlog
C:\Users\Mike\Documents\GitHub\Scripting-Core\ScriptingCore\ScriptingCore\Debug\mt.command.1.tlog
C:\Users\Mike\Documents\GitHub\Scripting-Core\ScriptingCore\ScriptingCore\Debug\mt.read.1.tlog
C:\Users\Mike\Documents\GitHub\Scripting-Core\ScriptingCore\ScriptingCore\Debug\mt.write.1.tlog
C:\Users\Mike\Documents\GitHub\Scripting-Core\ScriptingCore\ScriptingCore\Debug\rc.command.1.tlog
C:\Users\Mike\Documents\GitHub\Scripting-Core\ScriptingCore\ScriptingCore\Debug\rc.read.1.tlog
C:\Users\Mike\Documents\GitHub\Scripting-Core\ScriptingCore\ScriptingCore\Debug\rc.write.1.tlog
C:\USERS\MIKE\DOCUMENTS\GITHUB\SCRIPTING-CORE\SCRIPTINGCORE\SCRIPTINGCORE\DEBUG\SCRIPT.OBJ
C:\USERS\MIKE\DOCUMENTS\GITHUB\SCRIPTING-CORE\SCRIPTINGCORE\SCRIPTINGCORE\DEBUG\SCRIPTINGCORE.EXE.EMBED.MANIFEST
C:\USERS\MIKE\DOCUMENTS\GITHUB\SCRIPTING-CORE\SCRIPTINGCORE\SCRIPTINGCORE\DEBUG\SCRIPTINGCORE.EXE.EMBED.MANIFEST.RES
C:\USERS\MIKE\DOCUMENTS\GITHUB\SCRIPTING-CORE\SCRIPTINGCORE\SCRIPTINGCORE\DEBUG\SCRIPTINGCORE.EXE.INTERMEDIATE.MANIFEST
C:\USERS\MIKE\DOCUMENTS\GITHUB\SCRIPTING-CORE\SCRIPTINGCORE\SCRIPTINGCORE\DEBUG\SCRIPTINGCORE.OBJ
C:\Users\Mike\Documents\GitHub\Scripting-Core\ScriptingCore\ScriptingCore\Debug\ScriptingCore_manifest.rc
C:\USERS\MIKE\DOCUMENTS\GITHUB\SCRIPTING-CORE\SCRIPTINGCORE\SCRIPTINGCORE\DEBUG\SCRIPTINGMAIN.OBJ
C:\USERS\MIKE\DOCUMENTS\GITHUB\SCRIPTING-CORE\SCRIPTINGCORE\SCRIPTINGCORE\DEBUG\STDAFX.OBJ
C:\Users\Mike\Documents\GitHub\Scripting-Core\ScriptingCore\ScriptingCore\Debug\vc100.idb
C:\USERS\MIKE\DOCUMENTS\GITHUB\SCRIPTING-CORE\SCRIPTINGCORE\SCRIPTINGCORE\DEBUG\VC100.PDB
